2020-10-29T06:17:44+00:00 CRITICAL Maximum execution time of 30 seconds exceeded in E:\xampp\htdocs\eshopper\wp-admin\includes\class-wp-site-icon.php on line 15

2020-10-29T06:18:10+00:00 CRITICAL Maximum execution time of 30 seconds exceeded in E:\xampp\htdocs\eshopper\wp-includes\Requests\Transport\cURL.php on line 441

2020-10-29T07:19:17+00:00 CRITICAL Maximum execution time of 30 seconds exceeded in E:\xampp\htdocs\eshopper\wp-includes\wp-db.php on line 2030

2020-10-29T09:05:10+00:00 CRITICAL Maximum execution time of 30 seconds exceeded in E:\xampp\htdocs\eshopper\wp-admin\includes\admin.php on line 10

2020-10-29T10:33:45+00:00 CRITICAL Uncaught Error: Call to undefined function the_field() in C:\xampp\htdocs\eshopper\wp-content\themes\eshopper\header.php:45
Stack trace:
#0 C:\xampp\htdocs\eshopper\wp-includes\template.php(722): require_once()
#1 C:\xampp\htdocs\eshopper\wp-includes\template.php(671): load_template('C:\\xampp\\htdocs...', true)
#2 C:\xampp\htdocs\eshopper\wp-includes\general-template.php(41): locate_template(Array, true)
#3 C:\xampp\htdocs\eshopper\wp-content\themes\eshopper\front-page.php(15): get_header()
#4 C:\xampp\htdocs\eshopper\wp-includes\template-loader.php(98): include('C:\\xampp\\htdocs...')
#5 C:\xampp\htdocs\eshopper\wp-blog-header.php(19): require_once('C:\\xampp\\htdocs...')
#6 C:\xampp\htdocs\eshopper\index.php(17): require('C:\\xampp\\htdocs...')
#7 {main}
  thrown in C:\xampp\htdocs\eshopper\wp-content\themes\eshopper\header.php on line 45

2020-10-29T11:02:02+00:00 CRITICAL Uncaught Error: Call to undefined function get_the_field() in C:\xampp\htdocs\eshopper\wp-content\themes\eshopper\header.php:70
Stack trace:
#0 C:\xampp\htdocs\eshopper\wp-includes\template.php(722): require_once()
#1 C:\xampp\htdocs\eshopper\wp-includes\template.php(671): load_template('C:\\xampp\\htdocs...', true)
#2 C:\xampp\htdocs\eshopper\wp-includes\general-template.php(41): locate_template(Array, true)
#3 C:\xampp\htdocs\eshopper\wp-content\themes\eshopper\front-page.php(15): get_header()
#4 C:\xampp\htdocs\eshopper\wp-includes\template-loader.php(98): include('C:\\xampp\\htdocs...')
#5 C:\xampp\htdocs\eshopper\wp-blog-header.php(19): require_once('C:\\xampp\\htdocs...')
#6 C:\xampp\htdocs\eshopper\index.php(17): require('C:\\xampp\\htdocs...')
#7 {main}
  thrown in C:\xampp\htdocs\eshopper\wp-content\themes\eshopper\header.php on line 70

2020-10-29T11:09:34+00:00 CRITICAL Uncaught Error: Call to undefined function get_the_field() in C:\xampp\htdocs\eshopper\wp-content\themes\eshopper\header.php:70
Stack trace:
#0 C:\xampp\htdocs\eshopper\wp-includes\template.php(722): require_once()
#1 C:\xampp\htdocs\eshopper\wp-includes\template.php(671): load_template('C:\\xampp\\htdocs...', true)
#2 C:\xampp\htdocs\eshopper\wp-includes\general-template.php(41): locate_template(Array, true)
#3 C:\xampp\htdocs\eshopper\wp-content\themes\eshopper\front-page.php(15): get_header()
#4 C:\xampp\htdocs\eshopper\wp-includes\template-loader.php(98): include('C:\\xampp\\htdocs...')
#5 C:\xampp\htdocs\eshopper\wp-blog-header.php(19): require_once('C:\\xampp\\htdocs...')
#6 C:\xampp\htdocs\eshopper\index.php(17): require('C:\\xampp\\htdocs...')
#7 {main}
  thrown in C:\xampp\htdocs\eshopper\wp-content\themes\eshopper\header.php on line 70

2020-10-29T11:09:36+00:00 CRITICAL Uncaught Error: Call to undefined function get_the_field() in C:\xampp\htdocs\eshopper\wp-content\themes\eshopper\header.php:70
Stack trace:
#0 C:\xampp\htdocs\eshopper\wp-includes\template.php(722): require_once()
#1 C:\xampp\htdocs\eshopper\wp-includes\template.php(671): load_template('C:\\xampp\\htdocs...', true)
#2 C:\xampp\htdocs\eshopper\wp-includes\general-template.php(41): locate_template(Array, true)
#3 C:\xampp\htdocs\eshopper\wp-content\themes\eshopper\index.php(15): get_header()
#4 C:\xampp\htdocs\eshopper\wp-includes\template-loader.php(98): include('C:\\xampp\\htdocs...')
#5 C:\xampp\htdocs\eshopper\wp-blog-header.php(19): require_once('C:\\xampp\\htdocs...')
#6 C:\xampp\htdocs\eshopper\index.php(17): require('C:\\xampp\\htdocs...')
#7 {main}
  thrown in C:\xampp\htdocs\eshopper\wp-content\themes\eshopper\header.php on line 70

2020-10-29T11:11:22+00:00 CRITICAL Uncaught Error: Call to undefined function get_the_field() in C:\xampp\htdocs\eshopper\wp-content\themes\eshopper\header.php:70
Stack trace:
#0 C:\xampp\htdocs\eshopper\wp-includes\template.php(722): require_once()
#1 C:\xampp\htdocs\eshopper\wp-includes\template.php(671): load_template('C:\\xampp\\htdocs...', true)
#2 C:\xampp\htdocs\eshopper\wp-includes\general-template.php(41): locate_template(Array, true)
#3 C:\xampp\htdocs\eshopper\wp-content\themes\eshopper\front-page.php(15): get_header()
#4 C:\xampp\htdocs\eshopper\wp-includes\template-loader.php(98): include('C:\\xampp\\htdocs...')
#5 C:\xampp\htdocs\eshopper\wp-blog-header.php(19): require_once('C:\\xampp\\htdocs...')
#6 C:\xampp\htdocs\eshopper\index.php(17): require('C:\\xampp\\htdocs...')
#7 {main}
  thrown in C:\xampp\htdocs\eshopper\wp-content\themes\eshopper\header.php on line 70

2020-10-29T11:11:25+00:00 CRITICAL Uncaught Error: Call to undefined function get_the_field() in C:\xampp\htdocs\eshopper\wp-content\themes\eshopper\header.php:70
Stack trace:
#0 C:\xampp\htdocs\eshopper\wp-includes\template.php(722): require_once()
#1 C:\xampp\htdocs\eshopper\wp-includes\template.php(671): load_template('C:\\xampp\\htdocs...', true)
#2 C:\xampp\htdocs\eshopper\wp-includes\general-template.php(41): locate_template(Array, true)
#3 C:\xampp\htdocs\eshopper\wp-content\themes\eshopper\index.php(15): get_header()
#4 C:\xampp\htdocs\eshopper\wp-includes\template-loader.php(98): include('C:\\xampp\\htdocs...')
#5 C:\xampp\htdocs\eshopper\wp-blog-header.php(19): require_once('C:\\xampp\\htdocs...')
#6 C:\xampp\htdocs\eshopper\index.php(17): require('C:\\xampp\\htdocs...')
#7 {main}
  thrown in C:\xampp\htdocs\eshopper\wp-content\themes\eshopper\header.php on line 70

2020-10-29T11:19:06+00:00 CRITICAL Uncaught Error: Call to undefined function get_the_field() in C:\xampp\htdocs\eshopper\wp-content\themes\eshopper\front-page.php:46
Stack trace:
#0 C:\xampp\htdocs\eshopper\wp-includes\template-loader.php(98): include()
#1 C:\xampp\htdocs\eshopper\wp-blog-header.php(19): require_once('C:\\xampp\\htdocs...')
#2 C:\xampp\htdocs\eshopper\index.php(17): require('C:\\xampp\\htdocs...')
#3 {main}
  thrown in C:\xampp\htdocs\eshopper\wp-content\themes\eshopper\front-page.php on line 46

2020-10-29T11:19:45+00:00 CRITICAL Uncaught Error: Call to undefined function get_the_field() in C:\xampp\htdocs\eshopper\wp-content\themes\eshopper\front-page.php:46
Stack trace:
#0 C:\xampp\htdocs\eshopper\wp-includes\template-loader.php(98): include()
#1 C:\xampp\htdocs\eshopper\wp-blog-header.php(19): require_once('C:\\xampp\\htdocs...')
#2 C:\xampp\htdocs\eshopper\index.php(17): require('C:\\xampp\\htdocs...')
#3 {main}
  thrown in C:\xampp\htdocs\eshopper\wp-content\themes\eshopper\front-page.php on line 46

2020-10-29T11:19:45+00:00 CRITICAL Uncaught Error: Call to undefined function get_the_field() in C:\xampp\htdocs\eshopper\wp-content\themes\eshopper\front-page.php:46
Stack trace:
#0 C:\xampp\htdocs\eshopper\wp-includes\template-loader.php(98): include()
#1 C:\xampp\htdocs\eshopper\wp-blog-header.php(19): require_once('C:\\xampp\\htdocs...')
#2 C:\xampp\htdocs\eshopper\index.php(17): require('C:\\xampp\\htdocs...')
#3 {main}
  thrown in C:\xampp\htdocs\eshopper\wp-content\themes\eshopper\front-page.php on line 46

2020-10-29T11:55:07+00:00 CRITICAL syntax error, unexpected 'echo' (T_ECHO) in C:\xampp\htdocs\eshopper\wp-content\themes\eshopper\front-page.php on line 45

2020-10-29T12:06:57+00:00 CRITICAL Uncaught Error: Call to a member function have_posts() on null in C:\xampp\htdocs\eshopper\wp-content\themes\eshopper\front-page.php:38
Stack trace:
#0 C:\xampp\htdocs\eshopper\wp-includes\template-loader.php(98): include()
#1 C:\xampp\htdocs\eshopper\wp-blog-header.php(19): require_once('C:\\xampp\\htdocs...')
#2 C:\xampp\htdocs\eshopper\index.php(17): require('C:\\xampp\\htdocs...')
#3 {main}
  thrown in C:\xampp\htdocs\eshopper\wp-content\themes\eshopper\front-page.php on line 38

