2020-10-14T07:16:18+00:00 CRITICAL syntax error, unexpected end of file in E:\xampp\htdocs\eshopper\wp-content\themes\eshopper\inc\support.php on line 84

2020-10-14T07:18:17+00:00 CRITICAL syntax error, unexpected end of file in E:\xampp\htdocs\eshopper\wp-content\themes\eshopper\inc\support.php on line 84

2020-10-14T07:20:15+00:00 CRITICAL syntax error, unexpected end of file in E:\xampp\htdocs\eshopper\wp-content\themes\eshopper\inc\support.php on line 84

2020-10-14T07:22:15+00:00 CRITICAL syntax error, unexpected end of file in E:\xampp\htdocs\eshopper\wp-content\themes\eshopper\inc\support.php on line 87

2020-10-14T07:33:43+00:00 CRITICAL Maximum execution time of 30 seconds exceeded in E:\xampp\htdocs\eshopper\wp-content\plugins\facebook-for-woocommerce\includes\Lifecycle.php on line 15

2020-10-14T07:36:56+00:00 CRITICAL syntax error, unexpected '=' in E:\xampp\htdocs\eshopper\wp-content\themes\eshopper\inc\support.php on line 57

2020-10-14T07:37:15+00:00 CRITICAL syntax error, unexpected '=' in E:\xampp\htdocs\eshopper\wp-content\themes\eshopper\inc\support.php on line 57

2020-10-14T07:38:44+00:00 CRITICAL syntax error, unexpected '=' in E:\xampp\htdocs\eshopper\wp-content\themes\eshopper\inc\support.php on line 57

2020-10-14T07:38:56+00:00 CRITICAL syntax error, unexpected '=' in E:\xampp\htdocs\eshopper\wp-content\themes\eshopper\inc\support.php on line 57

2020-10-14T07:39:13+00:00 CRITICAL syntax error, unexpected '=' in E:\xampp\htdocs\eshopper\wp-content\themes\eshopper\inc\support.php on line 55

2020-10-14T07:39:25+00:00 CRITICAL syntax error, unexpected '=' in E:\xampp\htdocs\eshopper\wp-content\themes\eshopper\inc\support.php on line 63

2020-10-14T07:39:41+00:00 CRITICAL syntax error, unexpected '++' (T_INC) in E:\xampp\htdocs\eshopper\wp-content\themes\eshopper\inc\support.php on line 67

2020-10-14T07:39:52+00:00 CRITICAL syntax error, unexpected '}', expecting ',' or ';' in E:\xampp\htdocs\eshopper\wp-content\themes\eshopper\inc\support.php on line 70

2020-10-14T07:40:00+00:00 CRITICAL syntax error, unexpected '}', expecting ',' or ';' in E:\xampp\htdocs\eshopper\wp-content\themes\eshopper\inc\support.php on line 70

2020-10-14T07:40:04+00:00 CRITICAL syntax error, unexpected '}', expecting ',' or ';' in E:\xampp\htdocs\eshopper\wp-content\themes\eshopper\inc\support.php on line 70

2020-10-14T07:40:56+00:00 CRITICAL syntax error, unexpected '}', expecting ',' or ';' in E:\xampp\htdocs\eshopper\wp-content\themes\eshopper\inc\support.php on line 70

2020-10-14T07:44:18+00:00 CRITICAL Maximum execution time of 30 seconds exceeded in E:\xampp\htdocs\eshopper\wp-content\plugins\woocommerce\packages\woocommerce-admin\src\API\Reports\Orders\Stats\Controller.php on line 10

2020-10-14T07:44:18+00:00 CRITICAL Maximum execution time of 30 seconds exceeded in E:\xampp\htdocs\eshopper\wp-content\plugins\woocommerce-ajax-filters\main.php on line 547

2020-10-14T07:44:22+00:00 CRITICAL Maximum execution time of 30 seconds exceeded in E:\xampp\htdocs\eshopper\wp-includes\wp-db.php on line 2030

2020-10-14T07:44:22+00:00 CRITICAL Maximum execution time of 30 seconds exceeded in E:\xampp\htdocs\eshopper\wp-content\plugins\woocommerce-ajax-filters\main.php on line 547

2020-10-14T07:44:22+00:00 CRITICAL Maximum execution time of 30 seconds exceeded in E:\xampp\htdocs\eshopper\wp-content\plugins\woocommerce-ajax-filters\main.php on line 547

2020-10-14T07:44:22+00:00 CRITICAL Maximum execution time of 30 seconds exceeded in E:\xampp\htdocs\eshopper\wp-content\plugins\woocommerce-ajax-filters\main.php on line 547

2020-10-14T07:53:38+00:00 CRITICAL Maximum execution time of 30 seconds exceeded in E:\xampp\htdocs\eshopper\wp-content\plugins\facebook-for-woocommerce\vendor\skyverge\wc-plugin-framework\woocommerce\class-sv-wc-admin-notice-handler.php on line 27

2020-10-14T10:20:19+00:00 CRITICAL syntax error, unexpected '?>' in E:\xampp\htdocs\eshopper\wp-content\themes\eshopper\woocommerce\single-product\meta.php on line 30

2020-10-14T10:21:26+00:00 CRITICAL syntax error, unexpected '?>' in E:\xampp\htdocs\eshopper\wp-content\themes\eshopper\woocommerce\single-product\meta.php on line 30

2020-10-14T10:21:31+00:00 CRITICAL syntax error, unexpected '?>' in E:\xampp\htdocs\eshopper\wp-content\themes\eshopper\woocommerce\single-product\meta.php on line 30

2020-10-14T11:01:39+00:00 CRITICAL syntax error, unexpected ':' in E:\xampp\htdocs\eshopper\wp-content\themes\eshopper\inc\support.php on line 123

2020-10-14T11:03:39+00:00 CRITICAL syntax error, unexpected '}' in E:\xampp\htdocs\eshopper\wp-content\themes\eshopper\inc\support.php on line 125

2020-10-14T11:19:00+00:00 CRITICAL syntax error, unexpected '}' in E:\xampp\htdocs\eshopper\wp-content\themes\eshopper\inc\support.php on line 136

2020-10-14T11:21:00+00:00 CRITICAL syntax error, unexpected '}' in E:\xampp\htdocs\eshopper\wp-content\themes\eshopper\inc\support.php on line 136

2020-10-14T11:23:32+00:00 CRITICAL Uncaught Error: Call to undefined function get_directory_uri() in E:\xampp\htdocs\eshopper\wp-content\themes\eshopper\inc\support.php:136
Stack trace:
#0 E:\xampp\htdocs\eshopper\wp-includes\class-wp-hook.php(288): custom_social_share('')
#1 E:\xampp\htdocs\eshopper\wp-includes\class-wp-hook.php(312): WP_Hook->apply_filters(NULL, Array)
#2 E:\xampp\htdocs\eshopper\wp-includes\plugin.php(478): WP_Hook->do_action(Array)
#3 E:\xampp\htdocs\eshopper\wp-content\themes\eshopper\woocommerce\content-single-product.php(66): do_action('woocommerce_sin...')
#4 E:\xampp\htdocs\eshopper\wp-includes\template.php(724): require('E:\\xampp\\htdocs...')
#5 E:\xampp\htdocs\eshopper\wp-content\plugins\woocommerce\includes\wc-core-functions.php(283): load_template('E:\\xampp\\htdocs...', false)
#6 E:\xampp\htdocs\eshopper\wp-content\themes\eshopper\woocommerce\single-product.php(47): wc_get_template_part('content', 'single-product')
#7 E:\xampp\htdocs\eshopper\wp-includes\template-loader.php(98): include('E:\\xampp\\htdocs...')
# in E:\xampp\htdocs\eshopper\wp-content\themes\eshopper\inc\support.php on line 136

2020-10-14T11:24:33+00:00 CRITICAL Uncaught Error: Call to undefined function get_directory_uri() in E:\xampp\htdocs\eshopper\wp-content\themes\eshopper\inc\support.php:136
Stack trace:
#0 E:\xampp\htdocs\eshopper\wp-includes\class-wp-hook.php(288): custom_social_share('')
#1 E:\xampp\htdocs\eshopper\wp-includes\class-wp-hook.php(312): WP_Hook->apply_filters(NULL, Array)
#2 E:\xampp\htdocs\eshopper\wp-includes\plugin.php(478): WP_Hook->do_action(Array)
#3 E:\xampp\htdocs\eshopper\wp-content\themes\eshopper\woocommerce\content-single-product.php(66): do_action('woocommerce_sin...')
#4 E:\xampp\htdocs\eshopper\wp-includes\template.php(724): require('E:\\xampp\\htdocs...')
#5 E:\xampp\htdocs\eshopper\wp-content\plugins\woocommerce\includes\wc-core-functions.php(283): load_template('E:\\xampp\\htdocs...', false)
#6 E:\xampp\htdocs\eshopper\wp-content\themes\eshopper\woocommerce\single-product.php(47): wc_get_template_part('content', 'single-product')
#7 E:\xampp\htdocs\eshopper\wp-includes\template-loader.php(98): include('E:\\xampp\\htdocs...')
# in E:\xampp\htdocs\eshopper\wp-content\themes\eshopper\inc\support.php on line 136

2020-10-14T14:02:02+00:00 CRITICAL syntax error, unexpected '"' in E:\xampp\htdocs\eshopper\wp-content\themes\eshopper\inc\brand.php on line 49

2020-10-14T14:02:03+00:00 CRITICAL syntax error, unexpected '"' in E:\xampp\htdocs\eshopper\wp-content\themes\eshopper\inc\brand.php on line 49

2020-10-14T14:03:58+00:00 CRITICAL syntax error, unexpected end of file in E:\xampp\htdocs\eshopper\wp-content\themes\eshopper\inc\brand.php on line 53

2020-10-14T14:04:06+00:00 CRITICAL syntax error, unexpected end of file in E:\xampp\htdocs\eshopper\wp-content\themes\eshopper\inc\brand.php on line 53

2020-10-14T14:04:15+00:00 CRITICAL syntax error, unexpected end of file in E:\xampp\htdocs\eshopper\wp-content\themes\eshopper\inc\brand.php on line 52

2020-10-14T14:12:27+00:00 CRITICAL syntax error, unexpected 'class' (T_CLASS), expecting ',' or ';' in E:\xampp\htdocs\eshopper\wp-content\themes\eshopper\inc\brand.php on line 51

