2021-01-05T09:47:35+00:00 CRITICAL syntax error, unexpected end of file in D:\xampp\htdocs\eshopper\wp-content\themes\eshopper\datatable.php on line 33

2021-01-05T09:48:00+00:00 CRITICAL syntax error, unexpected end of file in D:\xampp\htdocs\eshopper\wp-content\themes\eshopper\datatable.php on line 33

2021-01-05T09:49:01+00:00 CRITICAL syntax error, unexpected end of file in D:\xampp\htdocs\eshopper\wp-content\themes\eshopper\datatable.php on line 32

2021-01-05T09:49:37+00:00 CRITICAL syntax error, unexpected end of file in D:\xampp\htdocs\eshopper\wp-content\themes\eshopper\datatable.php on line 33

2021-01-05T09:49:45+00:00 CRITICAL syntax error, unexpected end of file in D:\xampp\htdocs\eshopper\wp-content\themes\eshopper\datatable.php on line 33

2021-01-05T09:49:45+00:00 CRITICAL syntax error, unexpected end of file in D:\xampp\htdocs\eshopper\wp-content\themes\eshopper\datatable.php on line 33

2021-01-05T09:49:50+00:00 CRITICAL syntax error, unexpected end of file in D:\xampp\htdocs\eshopper\wp-content\themes\eshopper\datatable.php on line 33

2021-01-05T09:51:54+00:00 CRITICAL syntax error, unexpected end of file in D:\xampp\htdocs\eshopper\wp-content\themes\eshopper\datatable.php on line 33

2021-01-05T09:51:56+00:00 CRITICAL syntax error, unexpected end of file in D:\xampp\htdocs\eshopper\wp-content\themes\eshopper\datatable.php on line 33

2021-01-05T09:52:23+00:00 CRITICAL syntax error, unexpected end of file in D:\xampp\htdocs\eshopper\wp-content\themes\eshopper\datatable.php on line 33

2021-01-05T09:53:55+00:00 CRITICAL syntax error, unexpected end of file in D:\xampp\htdocs\eshopper\wp-content\themes\eshopper\datatable.php on line 34

2021-01-05T09:53:57+00:00 CRITICAL syntax error, unexpected end of file in D:\xampp\htdocs\eshopper\wp-content\themes\eshopper\datatable.php on line 34

2021-01-05T09:54:13+00:00 CRITICAL syntax error, unexpected end of file in D:\xampp\htdocs\eshopper\wp-content\themes\eshopper\datatable.php on line 34

2021-01-05T10:01:28+00:00 CRITICAL syntax error, unexpected end of file in D:\xampp\htdocs\eshopper\wp-content\themes\eshopper\datatable.php on line 34

2021-01-05T10:01:57+00:00 CRITICAL syntax error, unexpected end of file in D:\xampp\htdocs\eshopper\wp-content\themes\eshopper\datatable.php on line 34

2021-01-05T10:04:11+00:00 CRITICAL syntax error, unexpected end of file in D:\xampp\htdocs\eshopper\wp-content\themes\eshopper\datatable.php on line 35

2021-01-05T10:04:43+00:00 CRITICAL syntax error, unexpected end of file in D:\xampp\htdocs\eshopper\wp-content\themes\eshopper\datatable.php on line 35

2021-01-05T10:05:10+00:00 CRITICAL syntax error, unexpected end of file in D:\xampp\htdocs\eshopper\wp-content\themes\eshopper\datatable.php on line 34

2021-01-05T10:05:23+00:00 CRITICAL syntax error, unexpected end of file in D:\xampp\htdocs\eshopper\wp-content\themes\eshopper\datatable.php on line 34

2021-01-05T10:06:53+00:00 CRITICAL syntax error, unexpected end of file in D:\xampp\htdocs\eshopper\wp-content\themes\eshopper\datatable.php on line 34

2021-01-05T10:08:03+00:00 CRITICAL syntax error, unexpected end of file in D:\xampp\htdocs\eshopper\wp-content\themes\eshopper\datatable.php on line 34

2021-01-05T10:11:17+00:00 CRITICAL syntax error, unexpected end of file in D:\xampp\htdocs\eshopper\wp-content\themes\eshopper\datatable.php on line 35

2021-01-05T10:11:34+00:00 CRITICAL syntax error, unexpected end of file in D:\xampp\htdocs\eshopper\wp-content\themes\eshopper\datatable.php on line 35

2021-01-05T10:12:10+00:00 CRITICAL syntax error, unexpected end of file in D:\xampp\htdocs\eshopper\wp-content\themes\eshopper\datatable.php on line 35

2021-01-05T10:29:00+00:00 CRITICAL syntax error, unexpected end of file in D:\xampp\htdocs\eshopper\wp-content\themes\eshopper\datatable.php on line 35

2021-01-05T10:31:27+00:00 CRITICAL syntax error, unexpected end of file in D:\xampp\htdocs\eshopper\wp-content\themes\eshopper\datatable.php on line 34

2021-01-05T10:36:05+00:00 CRITICAL syntax error, unexpected end of file in D:\xampp\htdocs\eshopper\wp-content\themes\eshopper\datatable.php on line 34

2021-01-05T10:40:28+00:00 CRITICAL syntax error, unexpected end of file in D:\xampp\htdocs\eshopper\wp-content\themes\eshopper\datatable.php on line 34

2021-01-05T10:40:34+00:00 CRITICAL syntax error, unexpected end of file in D:\xampp\htdocs\eshopper\wp-content\themes\eshopper\datatable.php on line 34

2021-01-05T10:40:34+00:00 CRITICAL syntax error, unexpected end of file in D:\xampp\htdocs\eshopper\wp-content\themes\eshopper\datatable.php on line 34

2021-01-05T10:41:11+00:00 CRITICAL syntax error, unexpected end of file in D:\xampp\htdocs\eshopper\wp-content\themes\eshopper\datatable.php on line 34

2021-01-05T10:42:26+00:00 CRITICAL syntax error, unexpected end of file in D:\xampp\htdocs\eshopper\wp-content\themes\eshopper\datatable.php on line 35

2021-01-05T10:42:33+00:00 CRITICAL syntax error, unexpected end of file in D:\xampp\htdocs\eshopper\wp-content\themes\eshopper\datatable.php on line 35

2021-01-05T10:43:06+00:00 CRITICAL syntax error, unexpected end of file in D:\xampp\htdocs\eshopper\wp-content\themes\eshopper\datatable.php on line 35

2021-01-05T11:19:46+00:00 CRITICAL syntax error, unexpected end of file in D:\xampp\htdocs\eshopper\wp-content\themes\eshopper\datatable.php on line 35

2021-01-05T11:35:32+00:00 CRITICAL syntax error, unexpected end of file in D:\xampp\htdocs\eshopper\wp-content\themes\eshopper\datatable.php on line 37

2021-01-05T11:35:34+00:00 CRITICAL syntax error, unexpected end of file in D:\xampp\htdocs\eshopper\wp-content\themes\eshopper\datatable.php on line 37

2021-01-05T11:35:47+00:00 CRITICAL syntax error, unexpected end of file in D:\xampp\htdocs\eshopper\wp-content\themes\eshopper\datatable.php on line 32

2021-01-05T11:46:05+00:00 CRITICAL Uncaught Error: Call to undefined method wpdb::get_result() in D:\xampp\htdocs\eshopper\wp-content\themes\eshopper\datatable.php:24
Stack trace:
#0 D:\xampp\htdocs\eshopper\wp-includes\template-loader.php(98): include()
#1 D:\xampp\htdocs\eshopper\wp-blog-header.php(19): require_once('D:\\xampp\\htdocs...')
#2 D:\xampp\htdocs\eshopper\index.php(17): require('D:\\xampp\\htdocs...')
#3 {main}
  thrown in D:\xampp\htdocs\eshopper\wp-content\themes\eshopper\datatable.php on line 24

2021-01-05T12:06:56+00:00 CRITICAL syntax error, unexpected end of file in D:\xampp\htdocs\eshopper\wp-content\themes\eshopper\datatable.php on line 50

2021-01-05T12:07:27+00:00 CRITICAL syntax error, unexpected end of file in D:\xampp\htdocs\eshopper\wp-content\themes\eshopper\datatable.php on line 48

2021-01-05T12:07:59+00:00 CRITICAL syntax error, unexpected end of file in D:\xampp\htdocs\eshopper\wp-content\themes\eshopper\datatable.php on line 48

2021-01-05T12:08:15+00:00 CRITICAL syntax error, unexpected end of file in D:\xampp\htdocs\eshopper\wp-content\themes\eshopper\datatable.php on line 48

2021-01-05T12:08:31+00:00 CRITICAL syntax error, unexpected end of file in D:\xampp\htdocs\eshopper\wp-content\themes\eshopper\datatable.php on line 48

2021-01-05T12:09:27+00:00 CRITICAL syntax error, unexpected '}', expecting end of file in D:\xampp\htdocs\eshopper\wp-content\themes\eshopper\datatable.php on line 30

2021-01-05T12:39:04+00:00 CRITICAL syntax error, unexpected '[', expecting identifier (T_STRING) or variable (T_VARIABLE) or '{' or '$' in D:\xampp\htdocs\eshopper\wp-content\themes\eshopper\datatable.php on line 29

2021-01-05T12:40:10+00:00 CRITICAL syntax error, unexpected ')' in D:\xampp\htdocs\eshopper\wp-content\themes\eshopper\datatable.php on line 29

