2021-05-13T07:14:12+00:00 CRITICAL syntax error, unexpected ''tkd/v1'' (T_CONSTANT_ENCAPSED_STRING), expecting variable (T_VARIABLE) in D:\xampp\htdocs\eshopper\wp-content\themes\eshopper\functions.php on line 158

2021-05-13T07:16:12+00:00 CRITICAL syntax error, unexpected ''tkd/v1'' (T_CONSTANT_ENCAPSED_STRING), expecting variable (T_VARIABLE) in D:\xampp\htdocs\eshopper\wp-content\themes\eshopper\functions.php on line 158

2021-05-13T07:18:12+00:00 CRITICAL syntax error, unexpected ''tkd/v1'' (T_CONSTANT_ENCAPSED_STRING), expecting variable (T_VARIABLE) in D:\xampp\htdocs\eshopper\wp-content\themes\eshopper\functions.php on line 158

2021-05-13T07:22:18+00:00 CRITICAL syntax error, unexpected '}', expecting ')' in D:\xampp\htdocs\eshopper\wp-content\themes\eshopper\functions.php on line 162

2021-05-13T07:22:33+00:00 CRITICAL syntax error, unexpected '}', expecting ')' in D:\xampp\htdocs\eshopper\wp-content\themes\eshopper\functions.php on line 162

2021-05-13T07:22:41+00:00 CRITICAL syntax error, unexpected '}', expecting ')' in D:\xampp\htdocs\eshopper\wp-content\themes\eshopper\functions.php on line 162

2021-05-13T07:22:41+00:00 CRITICAL syntax error, unexpected '}', expecting ')' in D:\xampp\htdocs\eshopper\wp-content\themes\eshopper\functions.php on line 162

2021-05-13T07:22:47+00:00 CRITICAL syntax error, unexpected '}', expecting ')' in D:\xampp\htdocs\eshopper\wp-content\themes\eshopper\functions.php on line 162

2021-05-13T07:22:53+00:00 CRITICAL syntax error, unexpected '}', expecting ')' in D:\xampp\htdocs\eshopper\wp-content\themes\eshopper\functions.php on line 162

2021-05-13T07:22:54+00:00 CRITICAL syntax error, unexpected '}', expecting ')' in D:\xampp\htdocs\eshopper\wp-content\themes\eshopper\functions.php on line 162

2021-05-13T07:23:18+00:00 CRITICAL syntax error, unexpected ';', expecting ')' in D:\xampp\htdocs\eshopper\wp-content\themes\eshopper\functions.php on line 161

2021-05-13T07:23:45+00:00 CRITICAL syntax error, unexpected '=>' (T_DOUBLE_ARROW) in D:\xampp\htdocs\eshopper\wp-content\themes\eshopper\functions.php on line 166

2021-05-13T07:24:26+00:00 CRITICAL syntax error, unexpected '=>' (T_DOUBLE_ARROW) in D:\xampp\htdocs\eshopper\wp-content\themes\eshopper\functions.php on line 166

2021-05-13T07:24:58+00:00 CRITICAL syntax error, unexpected '=>' (T_DOUBLE_ARROW) in D:\xampp\htdocs\eshopper\wp-content\themes\eshopper\functions.php on line 166

2021-05-13T07:25:46+00:00 CRITICAL syntax error, unexpected '=>' (T_DOUBLE_ARROW) in D:\xampp\htdocs\eshopper\wp-content\themes\eshopper\functions.php on line 167

2021-05-13T07:26:50+00:00 CRITICAL syntax error, unexpected '}', expecting ';' in D:\xampp\htdocs\eshopper\wp-content\themes\eshopper\functions.php on line 172

2021-05-13T07:27:16+00:00 CRITICAL syntax error, unexpected '}', expecting ';' in D:\xampp\htdocs\eshopper\wp-content\themes\eshopper\functions.php on line 171

2021-05-13T07:27:55+00:00 CRITICAL syntax error, unexpected '}', expecting ';' in D:\xampp\htdocs\eshopper\wp-content\themes\eshopper\functions.php on line 171

2021-05-13T07:29:10+00:00 CRITICAL syntax error, unexpected '}', expecting ';' in D:\xampp\htdocs\eshopper\wp-content\themes\eshopper\functions.php on line 168

2021-05-13T07:41:59+00:00 CRITICAL syntax error, unexpected '$wpdb' (T_VARIABLE), expecting ')' in D:\xampp\htdocs\eshopper\wp-content\themes\eshopper\functions.php on line 171

2021-05-13T07:48:58+00:00 CRITICAL syntax error, unexpected '$wpdb' (T_VARIABLE) in D:\xampp\htdocs\eshopper\wp-content\themes\eshopper\functions.php on line 170

2021-05-13T09:37:26+00:00 CRITICAL Uncaught Error: Call to undefined function get_results() in D:\xampp\htdocs\eshopper\wp-content\themes\eshopper\functions.php:168
Stack trace:
#0 D:\xampp\htdocs\eshopper\wp-includes\rest-api\class-wp-rest-server.php(946): call_me_simple_route(Object(WP_REST_Request))
#1 D:\xampp\htdocs\eshopper\wp-includes\rest-api\class-wp-rest-server.php(329): WP_REST_Server->dispatch(Object(WP_REST_Request))
#2 D:\xampp\htdocs\eshopper\wp-includes\rest-api.php(305): WP_REST_Server->serve_request('/tkd/v1/simple')
#3 D:\xampp\htdocs\eshopper\wp-includes\class-wp-hook.php(288): rest_api_loaded(Object(WP))
#4 D:\xampp\htdocs\eshopper\wp-includes\class-wp-hook.php(312): WP_Hook->apply_filters(NULL, Array)
#5 D:\xampp\htdocs\eshopper\wp-includes\plugin.php(544): WP_Hook->do_action(Array)
#6 D:\xampp\htdocs\eshopper\wp-includes\class-wp.php(387): do_action_ref_array('parse_request', Array)
#7 D:\xampp\htdocs\eshopper\wp-includes\class-wp.php(733): WP->parse_request('')
#8 D:\xampp\htdocs\eshopper\wp-includes\functions.php(1255) in D:\xampp\htdocs\eshopper\wp-content\themes\eshopper\functions.php on line 168

2021-05-13T09:37:43+00:00 CRITICAL Uncaught Error: Call to undefined function get_results() in D:\xampp\htdocs\eshopper\wp-content\themes\eshopper\functions.php:168
Stack trace:
#0 D:\xampp\htdocs\eshopper\wp-includes\rest-api\class-wp-rest-server.php(946): call_me_simple_route(Object(WP_REST_Request))
#1 D:\xampp\htdocs\eshopper\wp-includes\rest-api\class-wp-rest-server.php(329): WP_REST_Server->dispatch(Object(WP_REST_Request))
#2 D:\xampp\htdocs\eshopper\wp-includes\rest-api.php(305): WP_REST_Server->serve_request('/tkd/v1/simple')
#3 D:\xampp\htdocs\eshopper\wp-includes\class-wp-hook.php(288): rest_api_loaded(Object(WP))
#4 D:\xampp\htdocs\eshopper\wp-includes\class-wp-hook.php(312): WP_Hook->apply_filters(NULL, Array)
#5 D:\xampp\htdocs\eshopper\wp-includes\plugin.php(544): WP_Hook->do_action(Array)
#6 D:\xampp\htdocs\eshopper\wp-includes\class-wp.php(387): do_action_ref_array('parse_request', Array)
#7 D:\xampp\htdocs\eshopper\wp-includes\class-wp.php(733): WP->parse_request('')
#8 D:\xampp\htdocs\eshopper\wp-includes\functions.php(1255) in D:\xampp\htdocs\eshopper\wp-content\themes\eshopper\functions.php on line 168

2021-05-13T09:37:53+00:00 CRITICAL Uncaught Error: Call to undefined function prepare() in D:\xampp\htdocs\eshopper\wp-content\themes\eshopper\functions.php:169
Stack trace:
#0 D:\xampp\htdocs\eshopper\wp-includes\rest-api\class-wp-rest-server.php(946): call_me_simple_route(Object(WP_REST_Request))
#1 D:\xampp\htdocs\eshopper\wp-includes\rest-api\class-wp-rest-server.php(329): WP_REST_Server->dispatch(Object(WP_REST_Request))
#2 D:\xampp\htdocs\eshopper\wp-includes\rest-api.php(305): WP_REST_Server->serve_request('/tkd/v1/simple')
#3 D:\xampp\htdocs\eshopper\wp-includes\class-wp-hook.php(288): rest_api_loaded(Object(WP))
#4 D:\xampp\htdocs\eshopper\wp-includes\class-wp-hook.php(312): WP_Hook->apply_filters(NULL, Array)
#5 D:\xampp\htdocs\eshopper\wp-includes\plugin.php(544): WP_Hook->do_action(Array)
#6 D:\xampp\htdocs\eshopper\wp-includes\class-wp.php(387): do_action_ref_array('parse_request', Array)
#7 D:\xampp\htdocs\eshopper\wp-includes\class-wp.php(733): WP->parse_request('')
#8 D:\xampp\htdocs\eshopper\wp-includes\functions.php(1255): WP in D:\xampp\htdocs\eshopper\wp-content\themes\eshopper\functions.php on line 169

2021-05-13T10:06:11+00:00 CRITICAL syntax error, unexpected 'return' (T_RETURN) in D:\xampp\htdocs\eshopper\wp-content\themes\eshopper\functions.php on line 174

2021-05-13T10:06:51+00:00 CRITICAL syntax error, unexpected 'return' (T_RETURN) in D:\xampp\htdocs\eshopper\wp-content\themes\eshopper\functions.php on line 174

2021-05-13T10:11:00+00:00 CRITICAL syntax error, unexpected ',' in D:\xampp\htdocs\eshopper\wp-content\themes\eshopper\functions.php on line 170

2021-05-13T15:02:01+00:00 CRITICAL syntax error, unexpected '.' in D:\xampp\htdocs\eshopper\wp-content\themes\eshopper\functions.php on line 177

2021-05-13T15:02:08+00:00 CRITICAL syntax error, unexpected '.' in D:\xampp\htdocs\eshopper\wp-content\themes\eshopper\functions.php on line 177

