2020-10-27T12:10:38+00:00 CRITICAL Uncaught Error: Call to a member function get_sku() on null in C:\xampp\htdocs\eshopper\wp-content\themes\eshopper\inc\support.php:109
Stack trace:
#0 C:\xampp\htdocs\eshopper\wp-content\themes\eshopper\woocommerce\cart\cart.php(61): eshopper_get_sku_after_title()
#1 C:\xampp\htdocs\eshopper\wp-content\plugins\woocommerce\includes\wc-core-functions.php(344): include('C:\\xampp\\htdocs...')
#2 C:\xampp\htdocs\eshopper\wp-content\plugins\woocommerce\includes\shortcodes\class-wc-shortcode-cart.php(99): wc_get_template('cart/cart.php')
#3 C:\xampp\htdocs\eshopper\wp-content\plugins\woocommerce\includes\class-wc-shortcodes.php(72): WC_Shortcode_Cart::output(Array)
#4 C:\xampp\htdocs\eshopper\wp-content\plugins\woocommerce\includes\class-wc-shortcodes.php(85): WC_Shortcodes::shortcode_wrapper(Array)
#5 C:\xampp\htdocs\eshopper\wp-includes\shortcodes.php(325): WC_Shortcodes::cart('', '', 'woocommerce_car...')
#6 [internal function]: do_shortcode_tag(Array)
#7 C:\xampp\htdocs\eshopper\wp-includes\shortcodes.php(199): in C:\xampp\htdocs\eshopper\wp-content\themes\eshopper\inc\support.php on line 109

2020-10-27T12:12:27+00:00 CRITICAL Uncaught Error: Call to a member function get_sku() on null in C:\xampp\htdocs\eshopper\wp-content\themes\eshopper\inc\support.php:109
Stack trace:
#0 C:\xampp\htdocs\eshopper\wp-content\themes\eshopper\woocommerce\cart\cart.php(61): eshopper_get_sku_after_title()
#1 C:\xampp\htdocs\eshopper\wp-content\plugins\woocommerce\includes\wc-core-functions.php(344): include('C:\\xampp\\htdocs...')
#2 C:\xampp\htdocs\eshopper\wp-content\plugins\woocommerce\includes\shortcodes\class-wc-shortcode-cart.php(99): wc_get_template('cart/cart.php')
#3 C:\xampp\htdocs\eshopper\wp-content\plugins\woocommerce\includes\class-wc-shortcodes.php(72): WC_Shortcode_Cart::output(Array)
#4 C:\xampp\htdocs\eshopper\wp-content\plugins\woocommerce\includes\class-wc-shortcodes.php(85): WC_Shortcodes::shortcode_wrapper(Array)
#5 C:\xampp\htdocs\eshopper\wp-includes\shortcodes.php(325): WC_Shortcodes::cart('', '', 'woocommerce_car...')
#6 [internal function]: do_shortcode_tag(Array)
#7 C:\xampp\htdocs\eshopper\wp-includes\shortcodes.php(199): in C:\xampp\htdocs\eshopper\wp-content\themes\eshopper\inc\support.php on line 109

2020-10-27T12:14:07+00:00 CRITICAL Uncaught Error: Call to a member function get_sku() on null in C:\xampp\htdocs\eshopper\wp-content\themes\eshopper\woocommerce\cart\cart.php:63
Stack trace:
#0 C:\xampp\htdocs\eshopper\wp-content\plugins\woocommerce\includes\wc-core-functions.php(344): include()
#1 C:\xampp\htdocs\eshopper\wp-content\plugins\woocommerce\includes\shortcodes\class-wc-shortcode-cart.php(99): wc_get_template('cart/cart.php')
#2 C:\xampp\htdocs\eshopper\wp-content\plugins\woocommerce\includes\class-wc-shortcodes.php(72): WC_Shortcode_Cart::output(Array)
#3 C:\xampp\htdocs\eshopper\wp-content\plugins\woocommerce\includes\class-wc-shortcodes.php(85): WC_Shortcodes::shortcode_wrapper(Array)
#4 C:\xampp\htdocs\eshopper\wp-includes\shortcodes.php(325): WC_Shortcodes::cart('', '', 'woocommerce_car...')
#5 [internal function]: do_shortcode_tag(Array)
#6 C:\xampp\htdocs\eshopper\wp-includes\shortcodes.php(199): preg_replace_callback('/\\[(\\[?)(woocom...', 'do_shortcode_ta...', '[woocommerce_ca...')
#7 C:\xampp\htdocs\eshopper\wp-includes in C:\xampp\htdocs\eshopper\wp-content\themes\eshopper\woocommerce\cart\cart.php on line 63

