2021-05-14T05:12:40+00:00 CRITICAL syntax error, unexpected ';', expecting ')' in D:\xampp\htdocs\eshopper\wp-content\themes\eshopper\functions.php on line 178

2021-05-14T05:12:53+00:00 CRITICAL syntax error, unexpected ';', expecting ')' in D:\xampp\htdocs\eshopper\wp-content\themes\eshopper\functions.php on line 178

2021-05-14T05:13:10+00:00 CRITICAL syntax error, unexpected '}', expecting ')' in D:\xampp\htdocs\eshopper\wp-content\themes\eshopper\functions.php on line 179

2021-05-14T05:13:13+00:00 CRITICAL syntax error, unexpected '}', expecting ')' in D:\xampp\htdocs\eshopper\wp-content\themes\eshopper\functions.php on line 179

2021-05-14T05:13:28+00:00 CRITICAL syntax error, unexpected '}', expecting ')' in D:\xampp\htdocs\eshopper\wp-content\themes\eshopper\functions.php on line 179

2021-05-14T05:13:40+00:00 CRITICAL syntax error, unexpected '}', expecting ')' in D:\xampp\htdocs\eshopper\wp-content\themes\eshopper\functions.php on line 179

2021-05-14T05:14:25+00:00 CRITICAL syntax error, unexpected '}', expecting ')' in D:\xampp\htdocs\eshopper\wp-content\themes\eshopper\functions.php on line 179

2021-05-14T05:15:12+00:00 CRITICAL syntax error, unexpected ',' in D:\xampp\htdocs\eshopper\wp-content\themes\eshopper\functions.php on line 179

2021-05-14T05:15:40+00:00 CRITICAL syntax error, unexpected '}' in D:\xampp\htdocs\eshopper\wp-content\themes\eshopper\functions.php on line 180

2021-05-14T05:15:46+00:00 CRITICAL syntax error, unexpected '}' in D:\xampp\htdocs\eshopper\wp-content\themes\eshopper\functions.php on line 180

2021-05-14T05:15:48+00:00 CRITICAL syntax error, unexpected '}' in D:\xampp\htdocs\eshopper\wp-content\themes\eshopper\functions.php on line 180

2021-05-14T05:15:59+00:00 CRITICAL syntax error, unexpected '}' in D:\xampp\htdocs\eshopper\wp-content\themes\eshopper\functions.php on line 180

2021-05-14T05:17:40+00:00 CRITICAL syntax error, unexpected '}' in D:\xampp\htdocs\eshopper\wp-content\themes\eshopper\functions.php on line 180

2021-05-14T05:19:40+00:00 CRITICAL syntax error, unexpected '}' in D:\xampp\htdocs\eshopper\wp-content\themes\eshopper\functions.php on line 180

2021-05-14T05:21:40+00:00 CRITICAL syntax error, unexpected '}' in D:\xampp\htdocs\eshopper\wp-content\themes\eshopper\functions.php on line 180

2021-05-14T05:27:20+00:00 CRITICAL syntax error, unexpected '}' in D:\xampp\htdocs\eshopper\wp-content\themes\eshopper\functions.php on line 180

2021-05-14T05:27:22+00:00 CRITICAL syntax error, unexpected '}' in D:\xampp\htdocs\eshopper\wp-content\themes\eshopper\functions.php on line 180

2021-05-14T05:27:56+00:00 CRITICAL syntax error, unexpected '}' in D:\xampp\htdocs\eshopper\wp-content\themes\eshopper\functions.php on line 169

2021-05-14T05:27:58+00:00 CRITICAL syntax error, unexpected '}' in D:\xampp\htdocs\eshopper\wp-content\themes\eshopper\functions.php on line 169

2021-05-14T05:28:09+00:00 CRITICAL syntax error, unexpected 'function' (T_FUNCTION) in D:\xampp\htdocs\eshopper\wp-content\themes\eshopper\functions.php on line 171

2021-05-14T05:30:02+00:00 CRITICAL syntax error, unexpected ';', expecting ')' in D:\xampp\htdocs\eshopper\wp-content\themes\eshopper\functions.php on line 169

