2020-11-02T05:00:20+00:00 CRITICAL Maximum execution time of 30 seconds exceeded in E:\xampp\htdocs\eshopper\wp-includes\Requests\Transport\cURL.php on line 441

2020-11-02T05:21:13+00:00 CRITICAL Maximum execution time of 30 seconds exceeded in E:\xampp\htdocs\eshopper\wp-includes\wp-db.php on line 2030

2020-11-02T05:21:32+00:00 CRITICAL Maximum execution time of 30 seconds exceeded in E:\xampp\htdocs\eshopper\wp-content\plugins\woocommerce\packages\woocommerce-blocks\src\Assets\Api.php on line 17

2020-11-02T05:21:32+00:00 CRITICAL Maximum execution time of 30 seconds exceeded in E:\xampp\htdocs\eshopper\wp-content\plugins\woocommerce\packages\woocommerce-blocks\src\Assets\Api.php on line 17

2020-11-02T05:58:51+00:00 CRITICAL Maximum execution time of 30 seconds exceeded in E:\xampp\htdocs\eshopper\wp-content\plugins\mailchimp-for-woocommerce\bootstrap.php on line 74

2020-11-02T06:01:48+00:00 CRITICAL Maximum execution time of 30 seconds exceeded in E:\xampp\htdocs\eshopper\wp-content\plugins\advanced-custom-fields-pro-master\includes\fields\class-acf-field-google-map.php on line 3

2020-11-02T06:01:52+00:00 CRITICAL Maximum execution time of 30 seconds exceeded in E:\xampp\htdocs\eshopper\wp-includes\wp-db.php on line 2030

2020-11-02T06:01:52+00:00 CRITICAL Maximum execution time of 30 seconds exceeded in E:\xampp\htdocs\eshopper\wp-includes\wp-db.php on line 2030

2020-11-02T06:01:53+00:00 CRITICAL Maximum execution time of 30 seconds exceeded in E:\xampp\htdocs\eshopper\wp-includes\wp-db.php on line 2030

2020-11-02T06:01:54+00:00 CRITICAL Maximum execution time of 30 seconds exceeded in E:\xampp\htdocs\eshopper\wp-includes\wp-db.php on line 2030

2020-11-02T06:03:25+00:00 CRITICAL Maximum execution time of 30 seconds exceeded in E:\xampp\htdocs\eshopper\wp-content\plugins\show-current-template\show-current-template.php on line 72

2020-11-02T06:29:47+00:00 CRITICAL Maximum execution time of 30 seconds exceeded in E:\xampp\htdocs\eshopper\wp-admin\includes\admin-filters.php on line 11

2020-11-02T06:33:28+00:00 CRITICAL Maximum execution time of 30 seconds exceeded in E:\xampp\htdocs\eshopper\wp-content\plugins\facebook-for-woocommerce\vendor\skyverge\wc-plugin-framework\woocommerce\utilities\class-sv-wp-background-job-handler.php on line 28

2020-11-02T06:33:29+00:00 CRITICAL Maximum execution time of 30 seconds exceeded in E:\xampp\htdocs\eshopper\wp-content\plugins\facebook-for-woocommerce\includes\fbproductfeed.php on line 11

2020-11-02T06:33:30+00:00 CRITICAL Maximum execution time of 30 seconds exceeded in E:\xampp\htdocs\eshopper\wp-includes\plugin.php on line 182

2020-11-02T06:33:33+00:00 CRITICAL Maximum execution time of 30 seconds exceeded in E:\xampp\htdocs\eshopper\wp-includes\Requests\Transport\cURL.php on line 163

2020-11-02T06:46:06+00:00 CRITICAL syntax error, unexpected '}', expecting end of file in E:\xampp\htdocs\eshopper\wp-content\themes\eshopper\comments.php on line 46

2020-11-02T06:46:08+00:00 CRITICAL syntax error, unexpected '}', expecting end of file in E:\xampp\htdocs\eshopper\wp-content\themes\eshopper\comments.php on line 46

2020-11-02T06:48:16+00:00 CRITICAL syntax error, unexpected '}', expecting end of file in E:\xampp\htdocs\eshopper\wp-content\themes\eshopper\comments.php on line 47

2020-11-02T06:48:18+00:00 CRITICAL syntax error, unexpected '}', expecting end of file in E:\xampp\htdocs\eshopper\wp-content\themes\eshopper\comments.php on line 47

2020-11-02T07:18:06+00:00 CRITICAL syntax error, unexpected '?', expecting elseif (T_ELSEIF) or else (T_ELSE) or endif (T_ENDIF) in E:\xampp\htdocs\eshopper\wp-content\themes\eshopper\comments.php on line 24

2020-11-02T07:18:08+00:00 CRITICAL syntax error, unexpected '?', expecting elseif (T_ELSEIF) or else (T_ELSE) or endif (T_ENDIF) in E:\xampp\htdocs\eshopper\wp-content\themes\eshopper\comments.php on line 24

2020-11-02T07:24:40+00:00 CRITICAL syntax error, unexpected '$args' (T_VARIABLE), expecting '(' in E:\xampp\htdocs\eshopper\wp-content\themes\eshopper\comments.php on line 24

2020-11-02T07:24:42+00:00 CRITICAL syntax error, unexpected '$args' (T_VARIABLE), expecting '(' in E:\xampp\htdocs\eshopper\wp-content\themes\eshopper\comments.php on line 24

2020-11-02T09:22:32+00:00 CRITICAL syntax error, unexpected ''max_depth'' (T_CONSTANT_ENCAPSED_STRING), expecting ')' in E:\xampp\htdocs\eshopper\wp-content\themes\eshopper\functions.php on line 42

