2023-07-09T05:53:16+00:00 CRITICAL Uncaught TypeError: method_exists(): Argument #1 ($object_or_class) must be of type object|string, null given in D:\xamp\htdocs\eshopper\wp-content\plugins\woocommerce-ajax-filters\main.php:2786
Stack trace:
#0 D:\xamp\htdocs\eshopper\wp-content\plugins\woocommerce-ajax-filters\main.php(2786): method_exists(NULL, 'switch_lang')
#1 D:\xamp\htdocs\eshopper\wp-includes\class-wp-hook.php(308): BeRocket_AAPF->WPML_fix('')
#2 D:\xamp\htdocs\eshopper\wp-includes\class-wp-hook.php(332): WP_Hook->apply_filters(NULL, Array)
#3 D:\xamp\htdocs\eshopper\wp-includes\plugin.php(517): WP_Hook->do_action(Array)
#4 D:\xamp\htdocs\eshopper\wp-settings.php(549): do_action('setup_theme')
#5 D:\xamp\htdocs\eshopper\wp-config.php(93): require_once('D:\\xamp\\htdocs\\...')
#6 D:\xamp\htdocs\eshopper\wp-load.php(50): require_once('D:\\xamp\\htdocs\\...')
#7 D:\xamp\htdocs\eshopper\wp-admin\admin-ajax.php(22): require_once('D:\\xamp\\htdocs\\...')
#8 {main}
  thrown in D:\xamp\htdocs\eshopper\wp-content\plugins\woocommerce-ajax-filters\main.php on line 2786

2023-07-09T05:53:29+00:00 CRITICAL Uncaught TypeError: method_exists(): Argument #1 ($object_or_class) must be of type object|string, null given in D:\xamp\htdocs\eshopper\wp-content\plugins\woocommerce-ajax-filters\main.php:2786
Stack trace:
#0 D:\xamp\htdocs\eshopper\wp-content\plugins\woocommerce-ajax-filters\main.php(2786): method_exists(NULL, 'switch_lang')
#1 D:\xamp\htdocs\eshopper\wp-includes\class-wp-hook.php(308): BeRocket_AAPF->WPML_fix('')
#2 D:\xamp\htdocs\eshopper\wp-includes\class-wp-hook.php(332): WP_Hook->apply_filters(NULL, Array)
#3 D:\xamp\htdocs\eshopper\wp-includes\plugin.php(517): WP_Hook->do_action(Array)
#4 D:\xamp\htdocs\eshopper\wp-settings.php(549): do_action('setup_theme')
#5 D:\xamp\htdocs\eshopper\wp-config.php(93): require_once('D:\\xamp\\htdocs\\...')
#6 D:\xamp\htdocs\eshopper\wp-load.php(50): require_once('D:\\xamp\\htdocs\\...')
#7 D:\xamp\htdocs\eshopper\wp-admin\admin-ajax.php(22): require_once('D:\\xamp\\htdocs\\...')
#8 {main}
  thrown in D:\xamp\htdocs\eshopper\wp-content\plugins\woocommerce-ajax-filters\main.php on line 2786

2023-07-09T05:53:29+00:00 CRITICAL Uncaught TypeError: method_exists(): Argument #1 ($object_or_class) must be of type object|string, null given in D:\xamp\htdocs\eshopper\wp-content\plugins\woocommerce-ajax-filters\main.php:2786
Stack trace:
#0 D:\xamp\htdocs\eshopper\wp-content\plugins\woocommerce-ajax-filters\main.php(2786): method_exists(NULL, 'switch_lang')
#1 D:\xamp\htdocs\eshopper\wp-includes\class-wp-hook.php(308): BeRocket_AAPF->WPML_fix('')
#2 D:\xamp\htdocs\eshopper\wp-includes\class-wp-hook.php(332): WP_Hook->apply_filters(NULL, Array)
#3 D:\xamp\htdocs\eshopper\wp-includes\plugin.php(517): WP_Hook->do_action(Array)
#4 D:\xamp\htdocs\eshopper\wp-settings.php(549): do_action('setup_theme')
#5 D:\xamp\htdocs\eshopper\wp-config.php(93): require_once('D:\\xamp\\htdocs\\...')
#6 D:\xamp\htdocs\eshopper\wp-load.php(50): require_once('D:\\xamp\\htdocs\\...')
#7 D:\xamp\htdocs\eshopper\wp-admin\admin-ajax.php(22): require_once('D:\\xamp\\htdocs\\...')
#8 {main}
  thrown in D:\xamp\htdocs\eshopper\wp-content\plugins\woocommerce-ajax-filters\main.php on line 2786

2023-07-09T05:53:30+00:00 CRITICAL Uncaught TypeError: method_exists(): Argument #1 ($object_or_class) must be of type object|string, null given in D:\xamp\htdocs\eshopper\wp-content\plugins\woocommerce-ajax-filters\main.php:2786
Stack trace:
#0 D:\xamp\htdocs\eshopper\wp-content\plugins\woocommerce-ajax-filters\main.php(2786): method_exists(NULL, 'switch_lang')
#1 D:\xamp\htdocs\eshopper\wp-includes\class-wp-hook.php(308): BeRocket_AAPF->WPML_fix('')
#2 D:\xamp\htdocs\eshopper\wp-includes\class-wp-hook.php(332): WP_Hook->apply_filters(NULL, Array)
#3 D:\xamp\htdocs\eshopper\wp-includes\plugin.php(517): WP_Hook->do_action(Array)
#4 D:\xamp\htdocs\eshopper\wp-settings.php(549): do_action('setup_theme')
#5 D:\xamp\htdocs\eshopper\wp-config.php(93): require_once('D:\\xamp\\htdocs\\...')
#6 D:\xamp\htdocs\eshopper\wp-load.php(50): require_once('D:\\xamp\\htdocs\\...')
#7 D:\xamp\htdocs\eshopper\wp-admin\admin-ajax.php(22): require_once('D:\\xamp\\htdocs\\...')
#8 {main}
  thrown in D:\xamp\htdocs\eshopper\wp-content\plugins\woocommerce-ajax-filters\main.php on line 2786

2023-07-09T05:53:34+00:00 CRITICAL Uncaught TypeError: method_exists(): Argument #1 ($object_or_class) must be of type object|string, null given in D:\xamp\htdocs\eshopper\wp-content\plugins\woocommerce-ajax-filters\main.php:2786
Stack trace:
#0 D:\xamp\htdocs\eshopper\wp-content\plugins\woocommerce-ajax-filters\main.php(2786): method_exists(NULL, 'switch_lang')
#1 D:\xamp\htdocs\eshopper\wp-includes\class-wp-hook.php(308): BeRocket_AAPF->WPML_fix('')
#2 D:\xamp\htdocs\eshopper\wp-includes\class-wp-hook.php(332): WP_Hook->apply_filters(NULL, Array)
#3 D:\xamp\htdocs\eshopper\wp-includes\plugin.php(517): WP_Hook->do_action(Array)
#4 D:\xamp\htdocs\eshopper\wp-settings.php(549): do_action('setup_theme')
#5 D:\xamp\htdocs\eshopper\wp-config.php(93): require_once('D:\\xamp\\htdocs\\...')
#6 D:\xamp\htdocs\eshopper\wp-load.php(50): require_once('D:\\xamp\\htdocs\\...')
#7 D:\xamp\htdocs\eshopper\wp-admin\admin-ajax.php(22): require_once('D:\\xamp\\htdocs\\...')
#8 {main}
  thrown in D:\xamp\htdocs\eshopper\wp-content\plugins\woocommerce-ajax-filters\main.php on line 2786

2023-07-09T05:53:39+00:00 CRITICAL Uncaught TypeError: method_exists(): Argument #1 ($object_or_class) must be of type object|string, null given in D:\xamp\htdocs\eshopper\wp-content\plugins\woocommerce-ajax-filters\main.php:2786
Stack trace:
#0 D:\xamp\htdocs\eshopper\wp-content\plugins\woocommerce-ajax-filters\main.php(2786): method_exists(NULL, 'switch_lang')
#1 D:\xamp\htdocs\eshopper\wp-includes\class-wp-hook.php(308): BeRocket_AAPF->WPML_fix('')
#2 D:\xamp\htdocs\eshopper\wp-includes\class-wp-hook.php(332): WP_Hook->apply_filters(NULL, Array)
#3 D:\xamp\htdocs\eshopper\wp-includes\plugin.php(517): WP_Hook->do_action(Array)
#4 D:\xamp\htdocs\eshopper\wp-settings.php(549): do_action('setup_theme')
#5 D:\xamp\htdocs\eshopper\wp-config.php(93): require_once('D:\\xamp\\htdocs\\...')
#6 D:\xamp\htdocs\eshopper\wp-load.php(50): require_once('D:\\xamp\\htdocs\\...')
#7 D:\xamp\htdocs\eshopper\wp-admin\admin-ajax.php(22): require_once('D:\\xamp\\htdocs\\...')
#8 {main}
  thrown in D:\xamp\htdocs\eshopper\wp-content\plugins\woocommerce-ajax-filters\main.php on line 2786

2023-07-09T05:54:07+00:00 CRITICAL Uncaught TypeError: method_exists(): Argument #1 ($object_or_class) must be of type object|string, null given in D:\xamp\htdocs\eshopper\wp-content\plugins\woocommerce-ajax-filters\main.php:2786
Stack trace:
#0 D:\xamp\htdocs\eshopper\wp-content\plugins\woocommerce-ajax-filters\main.php(2786): method_exists(NULL, 'switch_lang')
#1 D:\xamp\htdocs\eshopper\wp-includes\class-wp-hook.php(308): BeRocket_AAPF->WPML_fix('')
#2 D:\xamp\htdocs\eshopper\wp-includes\class-wp-hook.php(332): WP_Hook->apply_filters(NULL, Array)
#3 D:\xamp\htdocs\eshopper\wp-includes\plugin.php(517): WP_Hook->do_action(Array)
#4 D:\xamp\htdocs\eshopper\wp-settings.php(549): do_action('setup_theme')
#5 D:\xamp\htdocs\eshopper\wp-config.php(93): require_once('D:\\xamp\\htdocs\\...')
#6 D:\xamp\htdocs\eshopper\wp-load.php(50): require_once('D:\\xamp\\htdocs\\...')
#7 D:\xamp\htdocs\eshopper\wp-admin\admin-ajax.php(22): require_once('D:\\xamp\\htdocs\\...')
#8 {main}
  thrown in D:\xamp\htdocs\eshopper\wp-content\plugins\woocommerce-ajax-filters\main.php on line 2786

2023-07-09T05:54:07+00:00 CRITICAL Uncaught TypeError: method_exists(): Argument #1 ($object_or_class) must be of type object|string, null given in D:\xamp\htdocs\eshopper\wp-content\plugins\woocommerce-ajax-filters\main.php:2786
Stack trace:
#0 D:\xamp\htdocs\eshopper\wp-content\plugins\woocommerce-ajax-filters\main.php(2786): method_exists(NULL, 'switch_lang')
#1 D:\xamp\htdocs\eshopper\wp-includes\class-wp-hook.php(308): BeRocket_AAPF->WPML_fix('')
#2 D:\xamp\htdocs\eshopper\wp-includes\class-wp-hook.php(332): WP_Hook->apply_filters(NULL, Array)
#3 D:\xamp\htdocs\eshopper\wp-includes\plugin.php(517): WP_Hook->do_action(Array)
#4 D:\xamp\htdocs\eshopper\wp-settings.php(549): do_action('setup_theme')
#5 D:\xamp\htdocs\eshopper\wp-config.php(93): require_once('D:\\xamp\\htdocs\\...')
#6 D:\xamp\htdocs\eshopper\wp-load.php(50): require_once('D:\\xamp\\htdocs\\...')
#7 D:\xamp\htdocs\eshopper\wp-admin\admin-ajax.php(22): require_once('D:\\xamp\\htdocs\\...')
#8 {main}
  thrown in D:\xamp\htdocs\eshopper\wp-content\plugins\woocommerce-ajax-filters\main.php on line 2786

2023-07-09T05:54:08+00:00 CRITICAL Uncaught TypeError: method_exists(): Argument #1 ($object_or_class) must be of type object|string, null given in D:\xamp\htdocs\eshopper\wp-content\plugins\woocommerce-ajax-filters\main.php:2786
Stack trace:
#0 D:\xamp\htdocs\eshopper\wp-content\plugins\woocommerce-ajax-filters\main.php(2786): method_exists(NULL, 'switch_lang')
#1 D:\xamp\htdocs\eshopper\wp-includes\class-wp-hook.php(308): BeRocket_AAPF->WPML_fix('')
#2 D:\xamp\htdocs\eshopper\wp-includes\class-wp-hook.php(332): WP_Hook->apply_filters(NULL, Array)
#3 D:\xamp\htdocs\eshopper\wp-includes\plugin.php(517): WP_Hook->do_action(Array)
#4 D:\xamp\htdocs\eshopper\wp-settings.php(549): do_action('setup_theme')
#5 D:\xamp\htdocs\eshopper\wp-config.php(93): require_once('D:\\xamp\\htdocs\\...')
#6 D:\xamp\htdocs\eshopper\wp-load.php(50): require_once('D:\\xamp\\htdocs\\...')
#7 D:\xamp\htdocs\eshopper\wp-admin\admin-ajax.php(22): require_once('D:\\xamp\\htdocs\\...')
#8 {main}
  thrown in D:\xamp\htdocs\eshopper\wp-content\plugins\woocommerce-ajax-filters\main.php on line 2786

2023-07-09T05:54:32+00:00 CRITICAL Uncaught TypeError: method_exists(): Argument #1 ($object_or_class) must be of type object|string, null given in D:\xamp\htdocs\eshopper\wp-content\plugins\woocommerce-ajax-filters\main.php:2786
Stack trace:
#0 D:\xamp\htdocs\eshopper\wp-content\plugins\woocommerce-ajax-filters\main.php(2786): method_exists(NULL, 'switch_lang')
#1 D:\xamp\htdocs\eshopper\wp-includes\class-wp-hook.php(308): BeRocket_AAPF->WPML_fix('')
#2 D:\xamp\htdocs\eshopper\wp-includes\class-wp-hook.php(332): WP_Hook->apply_filters(NULL, Array)
#3 D:\xamp\htdocs\eshopper\wp-includes\plugin.php(517): WP_Hook->do_action(Array)
#4 D:\xamp\htdocs\eshopper\wp-settings.php(549): do_action('setup_theme')
#5 D:\xamp\htdocs\eshopper\wp-config.php(93): require_once('D:\\xamp\\htdocs\\...')
#6 D:\xamp\htdocs\eshopper\wp-load.php(50): require_once('D:\\xamp\\htdocs\\...')
#7 D:\xamp\htdocs\eshopper\wp-admin\admin-ajax.php(22): require_once('D:\\xamp\\htdocs\\...')
#8 {main}
  thrown in D:\xamp\htdocs\eshopper\wp-content\plugins\woocommerce-ajax-filters\main.php on line 2786

2023-07-09T05:54:32+00:00 CRITICAL Uncaught TypeError: method_exists(): Argument #1 ($object_or_class) must be of type object|string, null given in D:\xamp\htdocs\eshopper\wp-content\plugins\woocommerce-ajax-filters\main.php:2786
Stack trace:
#0 D:\xamp\htdocs\eshopper\wp-content\plugins\woocommerce-ajax-filters\main.php(2786): method_exists(NULL, 'switch_lang')
#1 D:\xamp\htdocs\eshopper\wp-includes\class-wp-hook.php(308): BeRocket_AAPF->WPML_fix('')
#2 D:\xamp\htdocs\eshopper\wp-includes\class-wp-hook.php(332): WP_Hook->apply_filters(NULL, Array)
#3 D:\xamp\htdocs\eshopper\wp-includes\plugin.php(517): WP_Hook->do_action(Array)
#4 D:\xamp\htdocs\eshopper\wp-settings.php(549): do_action('setup_theme')
#5 D:\xamp\htdocs\eshopper\wp-config.php(93): require_once('D:\\xamp\\htdocs\\...')
#6 D:\xamp\htdocs\eshopper\wp-load.php(50): require_once('D:\\xamp\\htdocs\\...')
#7 D:\xamp\htdocs\eshopper\wp-admin\admin-ajax.php(22): require_once('D:\\xamp\\htdocs\\...')
#8 {main}
  thrown in D:\xamp\htdocs\eshopper\wp-content\plugins\woocommerce-ajax-filters\main.php on line 2786

2023-07-09T05:54:33+00:00 CRITICAL Uncaught TypeError: method_exists(): Argument #1 ($object_or_class) must be of type object|string, null given in D:\xamp\htdocs\eshopper\wp-content\plugins\woocommerce-ajax-filters\main.php:2786
Stack trace:
#0 D:\xamp\htdocs\eshopper\wp-content\plugins\woocommerce-ajax-filters\main.php(2786): method_exists(NULL, 'switch_lang')
#1 D:\xamp\htdocs\eshopper\wp-includes\class-wp-hook.php(308): BeRocket_AAPF->WPML_fix('')
#2 D:\xamp\htdocs\eshopper\wp-includes\class-wp-hook.php(332): WP_Hook->apply_filters(NULL, Array)
#3 D:\xamp\htdocs\eshopper\wp-includes\plugin.php(517): WP_Hook->do_action(Array)
#4 D:\xamp\htdocs\eshopper\wp-settings.php(549): do_action('setup_theme')
#5 D:\xamp\htdocs\eshopper\wp-config.php(93): require_once('D:\\xamp\\htdocs\\...')
#6 D:\xamp\htdocs\eshopper\wp-load.php(50): require_once('D:\\xamp\\htdocs\\...')
#7 D:\xamp\htdocs\eshopper\wp-admin\admin-ajax.php(22): require_once('D:\\xamp\\htdocs\\...')
#8 {main}
  thrown in D:\xamp\htdocs\eshopper\wp-content\plugins\woocommerce-ajax-filters\main.php on line 2786

2023-07-09T05:54:33+00:00 CRITICAL Uncaught TypeError: method_exists(): Argument #1 ($object_or_class) must be of type object|string, null given in D:\xamp\htdocs\eshopper\wp-content\plugins\woocommerce-ajax-filters\main.php:2786
Stack trace:
#0 D:\xamp\htdocs\eshopper\wp-content\plugins\woocommerce-ajax-filters\main.php(2786): method_exists(NULL, 'switch_lang')
#1 D:\xamp\htdocs\eshopper\wp-includes\class-wp-hook.php(308): BeRocket_AAPF->WPML_fix('')
#2 D:\xamp\htdocs\eshopper\wp-includes\class-wp-hook.php(332): WP_Hook->apply_filters(NULL, Array)
#3 D:\xamp\htdocs\eshopper\wp-includes\plugin.php(517): WP_Hook->do_action(Array)
#4 D:\xamp\htdocs\eshopper\wp-settings.php(549): do_action('setup_theme')
#5 D:\xamp\htdocs\eshopper\wp-config.php(93): require_once('D:\\xamp\\htdocs\\...')
#6 D:\xamp\htdocs\eshopper\wp-load.php(50): require_once('D:\\xamp\\htdocs\\...')
#7 D:\xamp\htdocs\eshopper\wp-admin\admin-ajax.php(22): require_once('D:\\xamp\\htdocs\\...')
#8 {main}
  thrown in D:\xamp\htdocs\eshopper\wp-content\plugins\woocommerce-ajax-filters\main.php on line 2786

2023-07-09T05:54:53+00:00 CRITICAL Uncaught TypeError: method_exists(): Argument #1 ($object_or_class) must be of type object|string, null given in D:\xamp\htdocs\eshopper\wp-content\plugins\woocommerce-ajax-filters\main.php:2786
Stack trace:
#0 D:\xamp\htdocs\eshopper\wp-content\plugins\woocommerce-ajax-filters\main.php(2786): method_exists(NULL, 'switch_lang')
#1 D:\xamp\htdocs\eshopper\wp-includes\class-wp-hook.php(308): BeRocket_AAPF->WPML_fix('')
#2 D:\xamp\htdocs\eshopper\wp-includes\class-wp-hook.php(332): WP_Hook->apply_filters(NULL, Array)
#3 D:\xamp\htdocs\eshopper\wp-includes\plugin.php(517): WP_Hook->do_action(Array)
#4 D:\xamp\htdocs\eshopper\wp-settings.php(549): do_action('setup_theme')
#5 D:\xamp\htdocs\eshopper\wp-config.php(93): require_once('D:\\xamp\\htdocs\\...')
#6 D:\xamp\htdocs\eshopper\wp-load.php(50): require_once('D:\\xamp\\htdocs\\...')
#7 D:\xamp\htdocs\eshopper\wp-admin\admin-ajax.php(22): require_once('D:\\xamp\\htdocs\\...')
#8 {main}
  thrown in D:\xamp\htdocs\eshopper\wp-content\plugins\woocommerce-ajax-filters\main.php on line 2786

2023-07-09T05:54:54+00:00 CRITICAL Uncaught TypeError: method_exists(): Argument #1 ($object_or_class) must be of type object|string, null given in D:\xamp\htdocs\eshopper\wp-content\plugins\woocommerce-ajax-filters\main.php:2786
Stack trace:
#0 D:\xamp\htdocs\eshopper\wp-content\plugins\woocommerce-ajax-filters\main.php(2786): method_exists(NULL, 'switch_lang')
#1 D:\xamp\htdocs\eshopper\wp-includes\class-wp-hook.php(308): BeRocket_AAPF->WPML_fix('')
#2 D:\xamp\htdocs\eshopper\wp-includes\class-wp-hook.php(332): WP_Hook->apply_filters(NULL, Array)
#3 D:\xamp\htdocs\eshopper\wp-includes\plugin.php(517): WP_Hook->do_action(Array)
#4 D:\xamp\htdocs\eshopper\wp-settings.php(549): do_action('setup_theme')
#5 D:\xamp\htdocs\eshopper\wp-config.php(93): require_once('D:\\xamp\\htdocs\\...')
#6 D:\xamp\htdocs\eshopper\wp-load.php(50): require_once('D:\\xamp\\htdocs\\...')
#7 D:\xamp\htdocs\eshopper\wp-admin\admin-ajax.php(22): require_once('D:\\xamp\\htdocs\\...')
#8 {main}
  thrown in D:\xamp\htdocs\eshopper\wp-content\plugins\woocommerce-ajax-filters\main.php on line 2786

2023-07-09T05:54:55+00:00 CRITICAL Uncaught TypeError: method_exists(): Argument #1 ($object_or_class) must be of type object|string, null given in D:\xamp\htdocs\eshopper\wp-content\plugins\woocommerce-ajax-filters\main.php:2786
Stack trace:
#0 D:\xamp\htdocs\eshopper\wp-content\plugins\woocommerce-ajax-filters\main.php(2786): method_exists(NULL, 'switch_lang')
#1 D:\xamp\htdocs\eshopper\wp-includes\class-wp-hook.php(308): BeRocket_AAPF->WPML_fix('')
#2 D:\xamp\htdocs\eshopper\wp-includes\class-wp-hook.php(332): WP_Hook->apply_filters(NULL, Array)
#3 D:\xamp\htdocs\eshopper\wp-includes\plugin.php(517): WP_Hook->do_action(Array)
#4 D:\xamp\htdocs\eshopper\wp-settings.php(549): do_action('setup_theme')
#5 D:\xamp\htdocs\eshopper\wp-config.php(93): require_once('D:\\xamp\\htdocs\\...')
#6 D:\xamp\htdocs\eshopper\wp-load.php(50): require_once('D:\\xamp\\htdocs\\...')
#7 D:\xamp\htdocs\eshopper\wp-admin\admin-ajax.php(22): require_once('D:\\xamp\\htdocs\\...')
#8 {main}
  thrown in D:\xamp\htdocs\eshopper\wp-content\plugins\woocommerce-ajax-filters\main.php on line 2786

