2020-10-15T06:53:33+00:00 CRITICAL syntax error, unexpected '$my_meta' (T_VARIABLE), expecting ')' in E:\xampp\htdocs\eshopper\wp-content\themes\eshopper\functions.php on line 26

2020-10-15T06:53:34+00:00 CRITICAL syntax error, unexpected '$my_meta' (T_VARIABLE), expecting ')' in E:\xampp\htdocs\eshopper\wp-content\themes\eshopper\functions.php on line 26

2020-10-15T06:55:33+00:00 CRITICAL syntax error, unexpected '$my_meta' (T_VARIABLE), expecting ')' in E:\xampp\htdocs\eshopper\wp-content\themes\eshopper\functions.php on line 26

2020-10-15T06:57:17+00:00 CRITICAL syntax error, unexpected '$my_meta' (T_VARIABLE), expecting ')' in E:\xampp\htdocs\eshopper\wp-content\themes\eshopper\functions.php on line 26

2020-10-15T06:57:21+00:00 CRITICAL syntax error, unexpected '$my_meta' (T_VARIABLE), expecting ')' in E:\xampp\htdocs\eshopper\wp-content\themes\eshopper\functions.php on line 26

2020-10-15T07:59:40+00:00 CRITICAL Uncaught Error: Call to undefined function get_template_uri() in E:\xampp\htdocs\eshopper\wp-content\themes\eshopper\inc\brand.php:51
Stack trace:
#0 E:\xampp\htdocs\eshopper\wp-includes\class-wp-hook.php(288): cat_term_meta_scripts_n_style('term.php')
#1 E:\xampp\htdocs\eshopper\wp-includes\class-wp-hook.php(312): WP_Hook->apply_filters(NULL, Array)
#2 E:\xampp\htdocs\eshopper\wp-includes\plugin.php(478): WP_Hook->do_action(Array)
#3 E:\xampp\htdocs\eshopper\wp-admin\admin-header.php(104): do_action('admin_enqueue_s...', 'term.php')
#4 E:\xampp\htdocs\eshopper\wp-admin\term.php(73): require_once('E:\\xampp\\htdocs...')
#5 {main}
  thrown in E:\xampp\htdocs\eshopper\wp-content\themes\eshopper\inc\brand.php on line 51

2020-10-15T09:29:38+00:00 CRITICAL Maximum execution time of 30 seconds exceeded in E:\xampp\htdocs\eshopper\wp-includes\wp-db.php on line 2030

2020-10-15T09:30:03+00:00 CRITICAL Maximum execution time of 30 seconds exceeded in E:\xampp\htdocs\eshopper\wp-includes\wp-db.php on line 2030

2020-10-15T09:47:08+00:00 CRITICAL Uncaught Error: Call to undefined function wp_get_post_term() in E:\xampp\htdocs\eshopper\wp-content\themes\eshopper\inc\support.php:136
Stack trace:
#0 E:\xampp\htdocs\eshopper\wp-includes\class-wp-hook.php(288): add_brand_to_product_page('')
#1 E:\xampp\htdocs\eshopper\wp-includes\class-wp-hook.php(312): WP_Hook->apply_filters(NULL, Array)
#2 E:\xampp\htdocs\eshopper\wp-includes\plugin.php(478): WP_Hook->do_action(Array)
#3 E:\xampp\htdocs\eshopper\wp-content\themes\eshopper\woocommerce\content-single-product.php(66): do_action('woocommerce_sin...')
#4 E:\xampp\htdocs\eshopper\wp-includes\template.php(724): require('E:\\xampp\\htdocs...')
#5 E:\xampp\htdocs\eshopper\wp-content\plugins\woocommerce\includes\wc-core-functions.php(283): load_template('E:\\xampp\\htdocs...', false)
#6 E:\xampp\htdocs\eshopper\wp-content\themes\eshopper\woocommerce\single-product.php(47): wc_get_template_part('content', 'single-product')
#7 E:\xampp\htdocs\eshopper\wp-includes\template-loader.php(98): include('E:\\xampp\\htdocs.. in E:\xampp\htdocs\eshopper\wp-content\themes\eshopper\inc\support.php on line 136

